This is e-pTeX, Version 3.141592653-p3.9.0-210218-2.6 (utf8.euc) (TeX Live 2021) (preloaded format=platex 2021.4.7)  11 SEP 2023 00:17
entering extended mode
 restricted \write18 enabled.
 file:line:error style messages enabled.
 %&-line parsing enabled.
**/Users/keikoyanagi/Desktop/comment_recommendation/tex/FOSE2023/paper.tex
(/Users/keikoyanagi/Desktop/comment_recommendation/tex/FOSE2023/paper.tex
pLaTeX2e <2020-10-01>+2 (based on LaTeX2e <2020-10-01> patch level 4)
L3 programming layer <2021-02-18> (./fose.cls
Document Class: fose 2023/03/22 ver 0.10
(./fose.sty
Document Style `compsoft' ascii version <23 Mar 92>.
\@maxsep=\dimen154
\@dblmaxsep=\dimen155
\JQ=\dimen156
\Q=\dimen157
\@Baseline=\dimen158
\jspaceskip=\dimen159
\jmathkanjiskip=\dimen160
\@mojihaba=\dimen161
\c@part=\count178
\c@section=\count179
\c@subsection=\count180
\c@subsubsection=\count181
\c@paragraph=\count182
\c@subparagraph=\count183
\@currentmojihaba=\skip47
\twodigits=\skip48
\bibbox=\box64
\@beforecaptionskip=\skip49
\@aftercaptionskip=\skip50
\@tempboxb=\box65
\c@figure=\count184
\c@table=\count185
\@floatheight=\dimen162
\@floatlinecount=\count186
\@temptitlebox=\box66
\strokeinterval=\dimen163
\strokewidth=\dimen164
\rightstrokewidth=\dimen165
\boxinterval=\dimen166
\boxwidth=\dimen167
\leftboxwidth=\dimen168
\choshaspacebox=\box67
\tempsplitbox=\box68
\nobreakcount=\count187
\c@volpageoffset=\count188
\c@巻数=\count189
\c@号数=\count190
\c@年数=\count191
\c@firstpage=\count192
\c@lastpage=\count193
\dimen@@=\dimen169
\@interlinegap=\skip51
\@leftcolumnfootnote=\box69
\@rightcolumnfootnote=\box70
\adjustbox=\box71
\adjustheight=\dimen170
\adjustlinecount=\count194
))
\currentYear=\count195
\currentKai=\count196
\conferenceYear=\count197
(/usr/local/texlive/2021/texmf-dist/tex/latex/graphics/graphicx.sty
Package: graphicx 2020/09/09 v1.2b Enhanced LaTeX Graphics (DPC,SPQR)
(/usr/local/texlive/2021/texmf-dist/tex/latex/graphics/keyval.sty
Package: keyval 2014/10/28 v1.15 key=value parser (DPC)
\KV@toks@=\toks16
) (/usr/local/texlive/2021/texmf-dist/tex/latex/graphics/graphics.sty
Package: graphics 2020/08/30 v1.4c Standard LaTeX Graphics (DPC,SPQR)
(/usr/local/texlive/2021/texmf-dist/tex/latex/graphics/trig.sty
Package: trig 2016/01/03 v1.10 sin cos tan (DPC)
) (/usr/local/texlive/2021/texmf-dist/tex/latex/graphics-cfg/graphics.cfg
File: graphics.cfg 2016/06/04 v1.11 sample graphics configuration
)
Package graphics Info: Driver file: dvipdfmx.def on input line 105.
(/usr/local/texlive/2021/texmf-dist/tex/latex/graphics-def/dvipdfmx.def
File: dvipdfmx.def 2021/03/18 v5.0j Graphics/color driver for dvipdfmx
))
\Gin@req@height=\dimen171
\Gin@req@width=\dimen172
) (/usr/local/texlive/2021/texmf-dist/tex/latex/graphics/color.sty
Package: color 2020/02/24 v1.2b Standard LaTeX Color (DPC)
(/usr/local/texlive/2021/texmf-dist/tex/latex/graphics-cfg/color.cfg
File: color.cfg 2016/01/02 v1.6 sample color configuration
)
Package color Info: Driver file: dvipdfmx.def on input line 147.
(/usr/local/texlive/2021/texmf-dist/tex/latex/graphics/dvipsnam.def
File: dvipsnam.def 2016/06/17 v3.0m Driver-dependent file (DPC,SPQR)
)) (/usr/local/texlive/2021/texmf-dist/tex/latex/comment/comment.sty
\CommentStream=\write3
Excluding comment 'comment') (/usr/local/texlive/2021/texmf-dist/tex/latex/booktabs/booktabs.sty
Package: booktabs 2020/01/12 v1.61803398 Publication quality tables
\heavyrulewidth=\dimen173
\lightrulewidth=\dimen174
\cmidrulewidth=\dimen175
\belowrulesep=\dimen176
\belowbottomsep=\dimen177
\aboverulesep=\dimen178
\abovetopsep=\dimen179
\cmidrulesep=\dimen180
\cmidrulekern=\dimen181
\defaultaddspace=\dimen182
\@cmidla=\count198
\@cmidlb=\count199
\@aboverulesep=\dimen183
\@belowrulesep=\dimen184
\@thisruleclass=\count266
\@lastruleclass=\count267
\@thisrulewidth=\dimen185
) (/usr/local/texlive/2021/texmf-dist/tex/latex/base/latexsym.sty
Package: latexsym 1998/08/17 v2.2e Standard LaTeX package (lasy symbols)
\symlasy=\mathgroup4
LaTeX Font Info:    Overwriting symbol font `lasy' in version `bold'
(Font)                  U/lasy/m/n --> U/lasy/b/n on input line 52.
) (/usr/local/texlive/2021/texmf-dist/tex/latex/paralist/paralist.sty
Package: paralist 2017/01/22 v2.7 Extended list environments
\pltopsep=\skip52
\plpartopsep=\skip53
\plitemsep=\skip54
\plparsep=\skip55
\pl@lab=\toks17
) (/usr/local/texlive/2021/texmf-dist/tex/latex/listings/listings.sty
\lst@mode=\count268
\lst@gtempboxa=\box72
\lst@token=\toks18
\lst@length=\count269
\lst@currlwidth=\dimen186
\lst@column=\count270
\lst@pos=\count271
\lst@lostspace=\dimen187
\lst@width=\dimen188
\lst@newlines=\count272
\lst@lineno=\count273
\abovecaptionskip=\skip56
\belowcaptionskip=\skip57
\lst@maxwidth=\dimen189
(/usr/local/texlive/2021/texmf-dist/tex/latex/listings/lstmisc.sty
File: lstmisc.sty 2020/03/24 1.8d (Carsten Heinz)
\c@lstnumber=\count274
\lst@skipnumbers=\count275
\lst@framebox=\box73
) (/usr/local/texlive/2021/texmf-dist/tex/latex/listings/listings.cfg
File: listings.cfg 2020/03/24 1.8d listings configuration
))
Package: listings 2020/03/24 1.8d (Carsten Heinz)
(/usr/local/texlive/2021/texmf-dist/tex/latex/jvlisting/jvlisting.sty
Package: jvlisting 2011/11/17 v0.7 Formatted Program Listings
\jvl@idt=\count276
\jvl@tmphyphenchar=\count277
\jvl@fileinput=\read2
\listingskipamount=\skip58
\listingindent=\dimen190
\prelistingpenalty=\count278
\listingpenalty=\count279
\postlistingpenalty=\count280
) (/usr/local/texlive/2021/texmf-dist/tex/latex/url/url.sty
\Urlmuskip=\muskip16
Package: url 2013/09/16  ver 3.4  Verb mode for urls, etc.
) (/usr/local/texlive/2021/texmf-dist/tex/latex/preprint/balance.sty
Package: balance 1999/02/23 4.3 (PWD)
\oldvsize=\dimen191
) (/usr/local/texlive/2021/texmf-dist/tex/latex/multirow/multirow.sty
Package: multirow 2021/03/15 v2.8 Span multiple rows of a table
\multirow@colwidth=\skip59
\multirow@cntb=\count281
\multirow@dima=\skip60
\bigstrutjot=\dimen192
) (/usr/local/texlive/2021/texmf-dist/tex/latex/amsmath/amsmath.sty
Package: amsmath 2020/09/23 v2.17i AMS math features
\@mathmargin=\skip61
For additional information on amsmath, use the `?' option.
(/usr/local/texlive/2021/texmf-dist/tex/latex/amsmath/amstext.sty
Package: amstext 2000/06/29 v2.01 AMS text
(/usr/local/texlive/2021/texmf-dist/tex/latex/amsmath/amsgen.sty
File: amsgen.sty 1999/11/30 v2.0 generic functions
\@emptytoks=\toks19
\ex@=\dimen193
)) (/usr/local/texlive/2021/texmf-dist/tex/latex/amsmath/amsbsy.sty
Package: amsbsy 1999/11/29 v1.2d Bold Symbols
\pmbraise@=\dimen194
) (/usr/local/texlive/2021/texmf-dist/tex/latex/amsmath/amsopn.sty
Package: amsopn 2016/03/08 v2.02 operator names
)
\inf@bad=\count282
LaTeX Info: Redefining \frac on input line 234.
\uproot@=\count283
\leftroot@=\count284
LaTeX Info: Redefining \overline on input line 399.
\classnum@=\count285
\DOTSCASE@=\count286
LaTeX Info: Redefining \ldots on input line 496.
LaTeX Info: Redefining \dots on input line 499.
LaTeX Info: Redefining \cdots on input line 620.
\Mathstrutbox@=\box74
\strutbox@=\box75
\big@size=\dimen195
LaTeX Font Info:    Redeclaring font encoding OML on input line 743.
LaTeX Font Info:    Redeclaring font encoding OMS on input line 744.
\macc@depth=\count287
\c@MaxMatrixCols=\count288
\dotsspace@=\muskip17
\c@parentequation=\count289
\dspbrk@lvl=\count290
\tag@help=\toks20
\row@=\count291
\column@=\count292
\maxfields@=\count293
\andhelp@=\toks21
\eqnshift@=\dimen196
\alignsep@=\dimen197
\tagshift@=\dimen198
\tagwidth@=\dimen199
\totwidth@=\dimen256
\lineht@=\dimen257
\@envbody=\toks22
\multlinegap=\skip62
\multlinetaggap=\skip63
\mathdisplay@stack=\toks23
LaTeX Info: Redefining \[ on input line 2923.
LaTeX Info: Redefining \] on input line 2924.
) (/usr/local/texlive/2021/texmf-dist/tex/latex/fancybox/fancybox.sty
Package: fancybox 2010/05/15 1.4
Style option: `fancybox' v1.4 <2010/05/15> (tvz)
\@fancybox=\box76
\shadowsize=\dimen258
\@Sbox=\box77
\do@VerbBox=\toks24
\the@fancyput=\toks25
\this@fancyput=\toks26
\EndVerbatimTokens=\toks27
\Verbatim@Outfile=\write4
\Verbatim@Infile=\read3
) (/usr/local/texlive/2021/texmf-dist/tex/latex/ascmac/ascmac.sty
Package: ascmac 2020/01/15 v2.1 ascmac wrapper (community edition) 
(/usr/local/texlive/2021/texmf-dist/tex/latex/ascmac/tascmac.sty
Package: tascmac 2020/01/15 v2.1 ascmac package (community edition) 
\@savetbaselineshift=\dimen259
\@saveybaselineshift=\dimen260
\scb@x=\box78
\scscb@x=\box79
\@bw=\dimen261
\@nbox=\box80
\@nbody=\box81
\@scw=\dimen262
\ascmac@hoboxa=\box82
\ascmac@hoboxb=\box83
\@itemh=\dimen263
\@iboxpos=\toks28
\@iboxstr=\box84
\@bwsp=\box85
\@@bwsp=\box86
\@bcal=\count294
\shaderule=\dimen264
)) (/usr/local/texlive/2021/texmf-dist/tex/latex/tools/tabularx.sty
Package: tabularx 2020/01/15 v2.11c `tabularx' package (DPC)
(/usr/local/texlive/2021/texmf-dist/tex/latex/tools/array.sty
Package: array 2020/10/01 v2.5c Tabular extension package (FMi)
\col@sep=\dimen265
\ar@mcellbox=\box87
\extrarowheight=\dimen266
\NC@list=\toks29
\extratabsurround=\skip64
\backup@length=\skip65
\ar@cellbox=\box88
)
\TX@col@width=\dimen267
\TX@old@table=\dimen268
\TX@old@col=\dimen269
\TX@target=\dimen270
\TX@delta=\dimen271
\TX@cols=\count295
\TX@ftn=\toks30
) (/usr/local/texlive/2021/texmf-dist/tex/latex/xurl/xurl.sty
Package: xurl 2020/12/30 v 0.09a modify URL breaks
) (/usr/local/texlive/2021/texmf-dist/tex/latex/cite/cite.sty
LaTeX Info: Redefining \cite on input line 302.
LaTeX Info: Redefining \nocite on input line 332.
Package: cite 2015/02/27  v 5.5
) (/usr/local/texlive/2021/texmf-dist/tex/latex/caption/subcaption.sty
Package: subcaption 2020/10/07 v1.3j Sub-captions (AR)
(/usr/local/texlive/2021/texmf-dist/tex/latex/caption/caption.sty
Package: caption 2020/10/26 v3.5g Customizing captions (AR)
(/usr/local/texlive/2021/texmf-dist/tex/latex/caption/caption3.sty
Package: caption3 2020/10/21 v2.2e caption3 kernel (AR)
\captionmargin=\dimen272
\captionmargin@=\dimen273
\captionwidth=\dimen274
\caption@tempdima=\dimen275
\caption@indent=\dimen276
\caption@parindent=\dimen277
\caption@hangindent=\dimen278
Package caption Info: Unknown document class (or package),
(caption)             standard defaults will be used.
Package caption Info: \@makecaption = \long macro:#1#2->\vskip \@beforecaptionskip \setbox \@tempboxa \hbox {\footnotesize \bf #1\hskip \jspaceskip #2} \ifdim \wd \@tempboxa >\hsize \begin {center} {\footnotesize \bf #1\hskip \jspaceskip #2}\par \end {center} \else \hbox to\hsize {\hfil \box \@tempboxa \hfil } \fi \vskip \@aftercaptionskip  on input line 1139.
)

Package caption Warning: Unknown document class (or package),
(caption)                standard defaults will be used.
See the caption package documentation for explanation.

\c@caption@flags=\count296
\c@continuedfloat=\count297
Package caption Info: listings package is loaded.
)
\c@subfigure=\count298
\c@subtable=\count299
) (/usr/local/texlive/2021/texmf-dist/tex/platex/japanese-otf-uptex/otf.sty
Package: otf 2019/04/01 v1.7b8 psitau, u0.26 ttk
(/usr/local/texlive/2021/texmf-dist/tex/platex/japanese-otf/ajmacros.sty
Package: ajmacros 2019/04/01 21:00 iNOUE Koich! <inoue@ma.ns.musashi-tech.ac.jp>
\@tempcntc=\count300
\@tempcntd=\count301
\@tempcnte=\count302
\@tempcntf=\count303
))
LaTeX Font Info:    Font shape `JT1/hmc/m/n' will be
(Font)              scaled to size 8.65997pt on input line 33.
LaTeX Font Info:    Font shape `JY1/hmc/m/n' will be
(Font)              scaled to size 8.65997pt on input line 33.
(/usr/local/texlive/2021/texmf-dist/tex/latex/l3backend/l3backend-dvips.def
File: l3backend-dvips.def 2021-03-18 L3 backend support: dvips
\l__pdf_internal_box=\box89
\g__pdf_backend_object_int=\count304
\l__pdf_backend_content_box=\box90
\l__pdf_backend_model_box=\box91
\g__pdf_backend_annotation_int=\count305
\g__pdf_backend_link_int=\count306
\g__pdf_backend_link_sf_int=\count307
) (out/paper.aux)
\openout1 = `paper.aux'.

LaTeX Font Info:    Checking defaults for OML/cmm/m/it on input line 33.
LaTeX Font Info:    ... okay on input line 33.
LaTeX Font Info:    Checking defaults for OMS/cmsy/m/n on input line 33.
LaTeX Font Info:    ... okay on input line 33.
LaTeX Font Info:    Checking defaults for OT1/cmr/m/n on input line 33.
LaTeX Font Info:    ... okay on input line 33.
LaTeX Font Info:    Checking defaults for T1/cmr/m/n on input line 33.
LaTeX Font Info:    ... okay on input line 33.
LaTeX Font Info:    Checking defaults for TS1/cmr/m/n on input line 33.
LaTeX Font Info:    ... okay on input line 33.
LaTeX Font Info:    Checking defaults for OMX/cmex/m/n on input line 33.
LaTeX Font Info:    ... okay on input line 33.
LaTeX Font Info:    Checking defaults for U/cmr/m/n on input line 33.
LaTeX Font Info:    ... okay on input line 33.
LaTeX Font Info:    Checking defaults for JY1/mc/m/n on input line 33.
LaTeX Font Info:    ... okay on input line 33.
LaTeX Font Info:    Checking defaults for JT1/mc/m/n on input line 33.
LaTeX Font Info:    ... okay on input line 33.
\c@lstlisting=\count308
Package caption Info: Begin \AtBeginDocument code.
Package caption Info: End \AtBeginDocument code.
LaTeX Font Info:    Font shape `JT1/hmc/m/n' will be
(Font)              scaled to size 16.62714pt on input line 78.
LaTeX Font Info:    Font shape `JY1/hmc/m/n' will be
(Font)              scaled to size 16.62714pt on input line 78.
LaTeX Font Info:    Font shape `JT1/hgt/m/n' will be
(Font)              scaled to size 16.62714pt on input line 78.
LaTeX Font Info:    Font shape `JY1/hgt/m/n' will be
(Font)              scaled to size 16.62714pt on input line 78.
LaTeX Font Info:    Font shape `JT1/hgt/bx/n' in size <17.28> not available
(Font)              Font shape `JT1/hgt/m/n' tried instead on input line 78.
LaTeX Font Info:    Font shape `JT1/hgt/m/n' will be
(Font)              scaled to size 16.62714pt on input line 78.
LaTeX Font Info:    Font shape `JY1/hgt/bx/n' in size <17.28> not available
(Font)              Font shape `JY1/hgt/m/n' tried instead on input line 78.
LaTeX Font Info:    Font shape `JY1/hgt/m/n' will be
(Font)              scaled to size 16.62714pt on input line 78.
LaTeX Font Info:    Font shape `JT1/hmc/m/n' will be
(Font)              scaled to size 13.85594pt on input line 78.
LaTeX Font Info:    Font shape `JY1/hmc/m/n' will be
(Font)              scaled to size 13.85594pt on input line 78.
LaTeX Font Info:    Trying to load font information for U+lasy on input line 78.
(/usr/local/texlive/2021/texmf-dist/tex/latex/base/ulasy.fd
File: ulasy.fd 1998/08/17 v2.2e LaTeX symbol font definitions
)
LaTeX Font Info:    Font shape `JT1/utfj/m/6' will be
(Font)              scaled to size 13.85594pt on input line 78.
LaTeX Font Info:    Font shape `JY1/utfj/m/6' will be
(Font)              scaled to size 13.85594pt on input line 78.

Overfull \hbox (6.54707pt too wide) in paragraph at lines 78--78
 [][]  
 []

LaTeX Font Info:    Font shape `JT1/hmc/m/n' will be
(Font)              scaled to size 7.69775pt on input line 78.
LaTeX Font Info:    Font shape `JY1/hmc/m/n' will be
(Font)              scaled to size 7.69775pt on input line 78.
(./section/intro.tex
LaTeX Font Info:    Font shape `JT1/hmc/m/n' will be
(Font)              scaled to size 9.6222pt on input line 1.
LaTeX Font Info:    Font shape `JY1/hmc/m/n' will be
(Font)              scaled to size 9.6222pt on input line 1.
LaTeX Font Info:    Font shape `JT1/hgt/m/n' will be
(Font)              scaled to size 9.6222pt on input line 1.
LaTeX Font Info:    Font shape `JY1/hgt/m/n' will be
(Font)              scaled to size 9.6222pt on input line 1.
LaTeX Font Info:    Font shape `JT1/hgt/bx/n' in size <10> not available
(Font)              Font shape `JT1/hgt/m/n' tried instead on input line 1.
LaTeX Font Info:    Font shape `JT1/hgt/m/n' will be
(Font)              scaled to size 9.6222pt on input line 1.
LaTeX Font Info:    Font shape `JY1/hgt/bx/n' in size <10> not available
(Font)              Font shape `JY1/hgt/m/n' tried instead on input line 1.
LaTeX Font Info:    Font shape `JY1/hgt/m/n' will be
(Font)              scaled to size 9.6222pt on input line 1.
) (./section/related_research.tex
LaTeX Font Info:    Font shape `JT1/hgt/m/n' will be
(Font)              scaled to size 8.65997pt on input line 3.
LaTeX Font Info:    Font shape `JY1/hgt/m/n' will be
(Font)              scaled to size 8.65997pt on input line 3.
LaTeX Font Info:    Font shape `JT1/hgt/bx/n' in size <9> not available
(Font)              Font shape `JT1/hgt/m/n' tried instead on input line 3.
LaTeX Font Info:    Font shape `JT1/hgt/m/n' will be
(Font)              scaled to size 8.65997pt on input line 3.
LaTeX Font Info:    Font shape `JY1/hgt/bx/n' in size <9> not available
(Font)              Font shape `JY1/hgt/m/n' tried instead on input line 3.
LaTeX Font Info:    Font shape `JY1/hgt/m/n' will be
(Font)              scaled to size 8.65997pt on input line 3.
[1


]
LaTeX Font Info:    Font shape `JT1/hmc/bx/n' in size <9> not available
(Font)              Font shape `JT1/hgt/m/n' tried instead on input line 19.
LaTeX Font Info:    Font shape `JT1/hgt/m/n' will be
(Font)              scaled to size 8.65997pt on input line 19.
LaTeX Font Info:    Font shape `JY1/hmc/bx/n' in size <9> not available
(Font)              Font shape `JY1/hgt/m/n' tried instead on input line 19.
LaTeX Font Info:    Font shape `JY1/hgt/m/n' will be
(Font)              scaled to size 8.65997pt on input line 19.
) (./section/approach.tex
File: image/system.jpg Graphic file (type bmp)
<image/system.jpg>
[2]

LaTeX Warning: \verb may be unreliable inside tabularx on input line 71.


Underfull \hbox (badness 10000) in alignment at lines 71--71
[] 
 []


Overfull \hbox (6.67538pt too wide) in paragraph at lines 37--73
[][] 
 []

) (./section/result.tex
Overfull \hbox (5.05592pt too wide) in paragraph at lines 23--24
 [][] 
 []


Overfull \hbox (5.05592pt too wide) in paragraph at lines 46--47
 [][] 
 []


Overfull \hbox (5.05592pt too wide) in paragraph at lines 69--70
 [][] 
 []

[3]) (./section/problem.tex [4]) (./section/discussion.tex [5]) (./section/conclusion.tex) (out/paper.bbl
LaTeX Font Info:    Kanji font shape `JY1/hmc/m/it' undefined
(Font)              No change on input line 10.
LaTeX Font Info:    Kanji font shape `JY1/hmc/m/it' undefined
(Font)              No change on input line 20.
LaTeX Font Info:    Kanji font shape `JY1/hmc/m/it' undefined
(Font)              No change on input line 26.
[6]
LaTeX Font Info:    Kanji font shape `JY1/hmc/m/it' undefined
(Font)              No change on input line 32.
LaTeX Font Info:    Kanji font shape `JY1/hmc/m/it' undefined
(Font)              No change on input line 39.
) [7] (out/paper.aux) ) 
Here is how much of TeX's memory you used:
 7250 strings out of 479466
 104657 string characters out of 5870549
 440945 words of memory out of 5000000
 24832 multiletter control sequences out of 15000+600000
 420285 words of font info for 108 fonts, out of 8000000 for 9000
 929 hyphenation exceptions out of 8191
 69i,16n,77p,366b,1023s stack positions out of 5000i,500n,10000p,200000b,80000s

Output written on out/paper.dvi (7 pages, 57420 bytes).
